# JRE version: OpenJDK Runtime Environment Temurin-17.0.11+9 (17.0.11+9) (build 17.0.11+9)
# Java VM: OpenJDK 64-Bit Server VM Temurin-17.0.11+9 (17.0.11+9, mixed mode, tiered, compressed oops, compressed class ptrs, g1 gc, windows-amd64)
GC Precious Log:
 CPUs: 8 total, 8 available
 Memory: 16301M
 Large Page Support: Disabled
 NUMA Support: Disabled
 Compressed Oops: Enabled (Zero based)
 Heap Region Size: 2M
 Heap Min Capacity: 8M
 Heap Initial Capacity: 256M
 Heap Max Capacity: 4076M
 Pre-touch: Disabled
 Parallel Workers: 8
 Concurrent Workers: 2
 Concurrent Refinement Workers: 8
 Periodic GC: Disabled
Heap:
 garbage-first heap   total 292864K, used 171967K [0x0000000701400000, 0x0000000800000000)
  region size 2048K, 21 young (43008K), 7 survivors (14336K)
 Metaspace       used 79717K, committed 80640K, reserved 1179648K
  class space    used 9112K, committed 9536K, reserved 1048576K
GC Heap History (20 events):
Event: 7.385 GC heap before
{Heap before GC invocations=15 (full 0):
 garbage-first heap   total 122880K, used 100508K [0x0000000701400000, 0x0000000800000000)
  region size 2048K, 23 young (47104K), 2 survivors (4096K)
 Metaspace       used 64229K, committed 65152K, reserved 1114112K
  class space    used 7406K, committed 7808K, reserved 1048576K
}
Event: 7.390 GC heap after
{Heap after GC invocations=16 (full 0):
 garbage-first heap   total 122880K, used 64117K [0x0000000701400000, 0x0000000800000000)
  region size 2048K, 3 young (6144K), 3 survivors (6144K)
 Metaspace       used 64229K, committed 65152K, reserved 1114112K
  class space    used 7406K, committed 7808K, reserved 1048576K
}
Event: 8.150 GC heap before
{Heap before GC invocations=16 (full 0):
 garbage-first heap   total 122880K, used 86645K [0x0000000701400000, 0x0000000800000000)
  region size 2048K, 9 young (18432K), 3 survivors (6144K)
 Metaspace       used 64244K, committed 65152K, reserved 1114112K
  class space    used 7408K, committed 7808K, reserved 1048576K
}
Event: 8.154 GC heap after
{Heap after GC invocations=17 (full 0):
 garbage-first heap   total 122880K, used 77452K [0x0000000701400000, 0x0000000800000000)
  region size 2048K, 1 young (2048K), 1 survivors (2048K)
 Metaspace       used 64244K, committed 65152K, reserved 1114112K
  class space    used 7408K, committed 7808K, reserved 1048576K
}
Event: 8.521 GC heap before
{Heap before GC invocations=18 (full 0):
 garbage-first heap   total 147456K, used 114316K [0x0000000701400000, 0x0000000800000000)
  region size 2048K, 12 young (24576K), 1 survivors (2048K)
 Metaspace       used 65040K, committed 65984K, reserved 1114112K
  class space    used 7543K, committed 8000K, reserved 1048576K
}
Event: 8.523 GC heap after
{Heap after GC invocations=19 (full 0):
 garbage-first heap   total 147456K, used 94452K [0x0000000701400000, 0x0000000800000000)
  region size 2048K, 1 young (2048K), 1 survivors (2048K)
 Metaspace       used 65040K, committed 65984K, reserved 1114112K
  class space    used 7543K, committed 8000K, reserved 1048576K
}
Event: 9.963 GC heap before
{Heap before GC invocations=19 (full 0):
 garbage-first heap   total 147456K, used 121076K [0x0000000701400000, 0x0000000800000000)
  region size 2048K, 14 young (28672K), 1 survivors (2048K)
 Metaspace       used 68397K, committed 69376K, reserved 1114112K
  class space    used 7898K, committed 8384K, reserved 1048576K
}
Event: 9.966 GC heap after
{Heap after GC invocations=20 (full 0):
 garbage-first heap   total 147456K, used 95831K [0x0000000701400000, 0x0000000800000000)
  region size 2048K, 2 young (4096K), 2 survivors (4096K)
 Metaspace       used 68397K, committed 69376K, reserved 1114112K
  class space    used 7898K, committed 8384K, reserved 1048576K
}
Event: 10.087 GC heap before
{Heap before GC invocations=20 (full 0):
 garbage-first heap   total 147456K, used 120407K [0x0000000701400000, 0x0000000800000000)
  region size 2048K, 14 young (28672K), 2 survivors (4096K)
 Metaspace       used 68507K, committed 69504K, reserved 1114112K
  class space    used 7899K, committed 8384K, reserved 1048576K
}
Event: 10.090 GC heap after
{Heap after GC invocations=21 (full 0):
 garbage-first heap   total 147456K, used 97642K [0x0000000701400000, 0x0000000800000000)
  region size 2048K, 2 young (4096K), 2 survivors (4096K)
 Metaspace       used 68507K, committed 69504K, reserved 1114112K
  class space    used 7899K, committed 8384K, reserved 1048576K
}
Event: 10.234 GC heap before
{Heap before GC invocations=21 (full 0):
 garbage-first heap   total 147456K, used 122218K [0x0000000701400000, 0x0000000800000000)
  region size 2048K, 14 young (28672K), 2 survivors (4096K)
 Metaspace       used 68530K, committed 69504K, reserved 1114112K
  class space    used 7899K, committed 8384K, reserved 1048576K
}
Event: 10.244 GC heap after
{Heap after GC invocations=22 (full 0):
 garbage-first heap   total 292864K, used 109157K [0x0000000701400000, 0x0000000800000000)
  region size 2048K, 2 young (4096K), 2 survivors (4096K)
 Metaspace       used 68530K, committed 69504K, reserved 1114112K
  class space    used 7899K, committed 8384K, reserved 1048576K
}
Event: 10.687 GC heap before
{Heap before GC invocations=22 (full 0):
 garbage-first heap   total 292864K, used 215653K [0x0000000701400000, 0x0000000800000000)
  region size 2048K, 54 young (110592K), 2 survivors (4096K)
 Metaspace       used 68558K, committed 69568K, reserved 1114112K
  class space    used 7899K, committed 8384K, reserved 1048576K
}
Event: 10.708 GC heap after
{Heap after GC invocations=23 (full 0):
 garbage-first heap   total 292864K, used 125140K [0x0000000701400000, 0x0000000800000000)
  region size 2048K, 7 young (14336K), 7 survivors (14336K)
 Metaspace       used 68558K, committed 69568K, reserved 1114112K
  class space    used 7899K, committed 8384K, reserved 1048576K
}
Event: 11.331 GC heap before
{Heap before GC invocations=23 (full 0):
 garbage-first heap   total 292864K, used 221396K [0x0000000701400000, 0x0000000800000000)
  region size 2048K, 54 young (110592K), 7 survivors (14336K)
 Metaspace       used 69030K, committed 69952K, reserved 1114112K
  class space    used 7956K, committed 8384K, reserved 1048576K
}
Event: 11.337 GC heap after
{Heap after GC invocations=24 (full 0):
 garbage-first heap   total 292864K, used 119961K [0x0000000701400000, 0x0000000800000000)
  region size 2048K, 2 young (4096K), 2 survivors (4096K)
 Metaspace       used 69030K, committed 69952K, reserved 1114112K
  class space    used 7956K, committed 8384K, reserved 1048576K
}
Event: 12.259 GC heap before
{Heap before GC invocations=24 (full 0):
 garbage-first heap   total 292864K, used 226457K [0x0000000701400000, 0x0000000800000000)
  region size 2048K, 54 young (110592K), 2 survivors (4096K)
 Metaspace       used 72023K, committed 73024K, reserved 1114112K
  class space    used 8291K, committed 8768K, reserved 1048576K
}
Event: 12.261 GC heap after
{Heap after GC invocations=25 (full 0):
 garbage-first heap   total 292864K, used 121999K [0x0000000701400000, 0x0000000800000000)
  region size 2048K, 3 young (6144K), 3 survivors (6144K)
 Metaspace       used 72023K, committed 73024K, reserved 1114112K
  class space    used 8291K, committed 8768K, reserved 1048576K
}
Event: 13.292 GC heap before
{Heap before GC invocations=25 (full 0):
 garbage-first heap   total 292864K, used 244879K [0x0000000701400000, 0x0000000800000000)
  region size 2048K, 57 young (116736K), 3 survivors (6144K)
 Metaspace       used 79554K, committed 80512K, reserved 1179648K
  class space    used 9088K, committed 9536K, reserved 1048576K
}
Event: 13.302 GC heap after
{Heap after GC invocations=26 (full 0):
 garbage-first heap   total 292864K, used 145343K [0x0000000701400000, 0x0000000800000000)
  region size 2048K, 7 young (14336K), 7 survivors (14336K)
 Metaspace       used 79554K, committed 80512K, reserved 1179648K
  class space    used 9088K, committed 9536K, reserved 1048576K
}

